2025-02-07T08:56:20+00:00 DEBUG POST: https://business-api.tiktok.com/tbp/v2.0/business_profile/disconnect?external_data=

{"business_platform":"WOO_COMMERCE","external_business_id":"tt4b_woocommerce_677a85b136367"}
 ajax: no
2025-02-07T08:56:21+00:00 DEBUG Tt4b_Mapi_Class::tbp_post: Response: 

HTTP/1.1 200 OK
Content-Type: application/json; charset=utf-8
Content-Length: 95
X-Api-Deprecation-Info: API for Business Version 1.3 is now live. To avoid disruption to your business, we recommend you migrate all calls to v1.3 as soon as possible. Please visit our migration guide for more details: https://ads.tiktok.com/marketing_api/docs?id=1740029169927169
X-Domain-Change-Info: We have moved to the new domain business-api.tiktok.com for API services after the Platform Upgrade on 09/30/2021. Please update all of your requests with the new domain if you haven't done so already. For more information, please visit https://ads.tiktok.com/marketing_api/docs?rid=esb88xalm6m&id=1709207085043713
X-Tt-Logid: 20250207085622838F63B125A06F4FDB93
Server-Timing: inner; dur=8
x-tt-trace-host: 01e9fa0f00f54fe4c63bc35bdd6e8dad85de4a93f8e296abc5ef6056464c58b7b1c9e4f69783a7362bd4b6a2a4efd7cc23cc5ab6317d7974ba5b7c5fe29c02b2c980147444d7af8b8ba066cfcf37ee4ef1b9fe1696390e7a306e46b6f881557877
x-tt-trace-id: 00-250207085622838F63B125A06F4FDB93-0005447F2E387301-00
Server: TLB
Expires: Fri, 07 Feb 2025 08:56:23 GMT
Cache-Control: max-age=0, no-cache, no-store
Pragma: no-cache
Date: Fri, 07 Feb 2025 08:56:23 GMT
X-Cache: TCP_MISS from a23-77-196-94.deploy.akamaitechnologies.com (AkamaiGHost/11.8.1-2c00874bde3a1f428b1fbbe8783f6d16) (-)
Connection: close
x-tt-trace-tag: id=16;cdn-cache=miss;type=dyn
Server-Timing: cdn-cache; desc=MISS, edge; dur=1, origin; dur=224
X-Origin-Response-Time: 224,23.77.196.94
X-Akamai-Request-ID: 911d0bf5

{"code":40001,"message":"Permission denied.","request_id":"20250207085622838F63B125A06F4FDB93"}

2025-02-07T08:56:21+00:00 DEBUG POST: https://business-api.tiktok.com/tbp/v2.0/shop/connection/disconnect?external_data=

--- EMPTY STRING ---
 ajax: no
2025-02-07T08:56:22+00:00 DEBUG Tt4b_Mapi_Class::tts_shop_disconnect: Response: 

HTTP/1.1 200 OK
Content-Type: application/json; charset=utf-8
Content-Length: 95
X-Api-Deprecation-Info: API for Business Version 1.3 is now live. To avoid disruption to your business, we recommend you migrate all calls to v1.3 as soon as possible. Please visit our migration guide for more details: https://ads.tiktok.com/marketing_api/docs?id=1740029169927169
X-Domain-Change-Info: We have moved to the new domain business-api.tiktok.com for API services after the Platform Upgrade on 09/30/2021. Please update all of your requests with the new domain if you haven't done so already. For more information, please visit https://ads.tiktok.com/marketing_api/docs?rid=esb88xalm6m&id=1709207085043713
X-Tt-Logid: 2025020708562384BA6B852CA26F4B2A2A
Server-Timing: inner; dur=10
x-tt-trace-host: 01e9fa0f00f54fe4c63bc35bdd6e8dad852b07ba4aceaf7f4e90e156dce24d9013e4b7a187533da65d76cdc3e3fae6d40e75b13d728159ed3707d401e487a4af6a5812d74f08705bdff63975f952b3f882075feb9d37f3338713da4c4a7c76aff4
x-tt-trace-id: 00-25020708562384BA6B852CA26F4B2A2A-40C68BE169E32659-00
Server: TLB
Expires: Fri, 07 Feb 2025 08:56:24 GMT
Cache-Control: max-age=0, no-cache, no-store
Pragma: no-cache
Date: Fri, 07 Feb 2025 08:56:24 GMT
X-Cache: TCP_MISS from a23-77-196-76.deploy.akamaitechnologies.com (AkamaiGHost/11.8.1-545a545a07b22376d11b3e238f123a02) (-)
Connection: close
x-tt-trace-tag: id=16;cdn-cache=miss;type=dyn
Server-Timing: cdn-cache; desc=MISS, edge; dur=1, origin; dur=229
X-Origin-Response-Time: 229,23.77.196.76
X-Akamai-Request-ID: 76c2ca53

{"code":40001,"message":"Permission denied.","request_id":"2025020708562384BA6B852CA26F4B2A2A"}

